# JRE version: Java(TM) SE Runtime Environment (7.0_80-b15) (build 1.7.0_80-b15)
# Java VM: Java HotSpot(TM) 64-Bit Server VM (24.80-b11 mixed mode windows-amd64 compressed oops)
Heap
 PSYoungGen      total 242176K, used 0K [0x00000000eaa80000, 0x00000000fa380000, 0x0000000100000000)
  eden space 228864K, 0% used [0x00000000eaa80000,0x00000000eaa80000,0x00000000f8a00000)
  from space 13312K, 0% used [0x00000000f8a00000,0x00000000f8a00000,0x00000000f9700000)
  to   space 12288K, 0% used [0x00000000f9780000,0x00000000f9780000,0x00000000fa380000)
 ParOldGen       total 698880K, used 57937K [0x00000000c0000000, 0x00000000eaa80000, 0x00000000eaa80000)
  object space 698880K, 8% used [0x00000000c0000000,0x00000000c38947e8,0x00000000eaa80000)
 PSPermGen       total 83968K, used 83952K [0x00000000bae00000, 0x00000000c0000000, 0x00000000c0000000)
  object space 83968K, 99% used [0x00000000bae00000,0x00000000bfffc318,0x00000000c0000000)
GC Heap History (10 events):
Event: 5218.159 GC heap before
{Heap before GC invocations=205 (full 58):
 PSYoungGen      total 229376K, used 1760K [0x00000000eaa80000, 0x00000000fa480000, 0x0000000100000000)
  eden space 227328K, 0% used [0x00000000eaa80000,0x00000000eaa80000,0x00000000f8880000)
  from space 2048K, 85% used [0x00000000f8880000,0x00000000f8a38000,0x00000000f8a80000)
  to   space 13824K, 0% used [0x00000000f9700000,0x00000000f9700000,0x00000000fa480000)
 ParOldGen       total 698880K, used 57900K [0x00000000c0000000, 0x00000000eaa80000, 0x00000000eaa80000)
  object space 698880K, 8% used [0x00000000c0000000,0x00000000c388b2e8,0x00000000eaa80000)
 PSPermGen       total 83968K, used 83967K [0x00000000bae00000, 0x00000000c0000000, 0x00000000c0000000)
  object space 83968K, 99% used [0x00000000bae00000,0x00000000bfffffd0,0x00000000c0000000)
Event: 5218.290 GC heap after
Heap after GC invocations=205 (full 58):
 PSYoungGen      total 229376K, used 0K [0x00000000eaa80000, 0x00000000fa480000, 0x0000000100000000)
  eden space 227328K, 0% used [0x00000000eaa80000,0x00000000eaa80000,0x00000000f8880000)
  from space 2048K, 0% used [0x00000000f8880000,0x00000000f8880000,0x00000000f8a80000)
  to   space 13824K, 0% used [0x00000000f9700000,0x00000000f9700000,0x00000000fa480000)
 ParOldGen       total 698880K, used 58925K [0x00000000c0000000, 0x00000000eaa80000, 0x00000000eaa80000)
  object space 698880K, 8% used [0x00000000c0000000,0x00000000c398b6b0,0x00000000eaa80000)
 PSPermGen       total 83968K, used 83962K [0x00000000bae00000, 0x00000000c0000000, 0x00000000c0000000)
  object space 83968K, 99% used [0x00000000bae00000,0x00000000bfffe820,0x00000000c0000000)
}
Event: 5218.291 GC heap before
{Heap before GC invocations=206 (full 58):
 PSYoungGen      total 229376K, used 822K [0x00000000eaa80000, 0x00000000fa480000, 0x0000000100000000)
  eden space 227328K, 0% used [0x00000000eaa80000,0x00000000eab4db90,0x00000000f8880000)
  from space 2048K, 0% used [0x00000000f8880000,0x00000000f8880000,0x00000000f8a80000)
  to   space 13824K, 0% used [0x00000000f9700000,0x00000000f9700000,0x00000000fa480000)
 ParOldGen       total 698880K, used 58925K [0x00000000c0000000, 0x00000000eaa80000, 0x00000000eaa80000)
  object space 698880K, 8% used [0x00000000c0000000,0x00000000c398b6b0,0x00000000eaa80000)
 PSPermGen       total 83968K, used 83964K [0x00000000bae00000, 0x00000000c0000000, 0x00000000c0000000)
  object space 83968K, 99% used [0x00000000bae00000,0x00000000bffff218,0x00000000c0000000)
Event: 5218.294 GC heap after
Heap after GC invocations=206 (full 58):
 PSYoungGen      total 242176K, used 0K [0x00000000eaa80000, 0x00000000fa400000, 0x0000000100000000)
  eden space 228864K, 0% used [0x00000000eaa80000,0x00000000eaa80000,0x00000000f8a00000)
  from space 13312K, 0% used [0x00000000f9700000,0x00000000f9700000,0x00000000fa400000)
  to   space 13312K, 0% used [0x00000000f8a00000,0x00000000f8a00000,0x00000000f9700000)
 ParOldGen       total 698880K, used 58925K [0x00000000c0000000, 0x00000000eaa80000, 0x00000000eaa80000)
  object space 698880K, 8% used [0x00000000c0000000,0x00000000c398b6b0,0x00000000eaa80000)
 PSPermGen       total 83968K, used 83964K [0x00000000bae00000, 0x00000000c0000000, 0x00000000c0000000)
  object space 83968K, 99% used [0x00000000bae00000,0x00000000bffff218,0x00000000c0000000)
}
Event: 5218.294 GC heap before
{Heap before GC invocations=207 (full 59):
 PSYoungGen      total 242176K, used 0K [0x00000000eaa80000, 0x00000000fa400000, 0x0000000100000000)
  eden space 228864K, 0% used [0x00000000eaa80000,0x00000000eaa80000,0x00000000f8a00000)
  from space 13312K, 0% used [0x00000000f9700000,0x00000000f9700000,0x00000000fa400000)
  to   space 13312K, 0% used [0x00000000f8a00000,0x00000000f8a00000,0x00000000f9700000)
 ParOldGen       total 698880K, used 58925K [0x00000000c0000000, 0x00000000eaa80000, 0x00000000eaa80000)
  object space 698880K, 8% used [0x00000000c0000000,0x00000000c398b6b0,0x00000000eaa80000)
 PSPermGen       total 83968K, used 83964K [0x00000000bae00000, 0x00000000c0000000, 0x00000000c0000000)
  object space 83968K, 99% used [0x00000000bae00000,0x00000000bffff218,0x00000000c0000000)
Event: 5218.433 GC heap after
Heap after GC invocations=207 (full 59):
 PSYoungGen      total 242176K, used 0K [0x00000000eaa80000, 0x00000000fa400000, 0x0000000100000000)
  eden space 228864K, 0% used [0x00000000eaa80000,0x00000000eaa80000,0x00000000f8a00000)
  from space 13312K, 0% used [0x00000000f9700000,0x00000000f9700000,0x00000000fa400000)
  to   space 13312K, 0% used [0x00000000f8a00000,0x00000000f8a00000,0x00000000f9700000)
 ParOldGen       total 698880K, used 58923K [0x00000000c0000000, 0x00000000eaa80000, 0x00000000eaa80000)
  object space 698880K, 8% used [0x00000000c0000000,0x00000000c398ac60,0x00000000eaa80000)
 PSPermGen       total 83968K, used 83964K [0x00000000bae00000, 0x00000000c0000000, 0x00000000c0000000)
  object space 83968K, 99% used [0x00000000bae00000,0x00000000bffff218,0x00000000c0000000)
}
Event: 5218.433 GC heap before
{Heap before GC invocations=208 (full 59):
 PSYoungGen      total 242176K, used 0K [0x00000000eaa80000, 0x00000000fa400000, 0x0000000100000000)
  eden space 228864K, 0% used [0x00000000eaa80000,0x00000000eaa80000,0x00000000f8a00000)
  from space 13312K, 0% used [0x00000000f9700000,0x00000000f9700000,0x00000000fa400000)
  to   space 13312K, 0% used [0x00000000f8a00000,0x00000000f8a00000,0x00000000f9700000)
 ParOldGen       total 698880K, used 58923K [0x00000000c0000000, 0x00000000eaa80000, 0x00000000eaa80000)
  object space 698880K, 8% used [0x00000000c0000000,0x00000000c398ac60,0x00000000eaa80000)
 PSPermGen       total 83968K, used 83964K [0x00000000bae00000, 0x00000000c0000000, 0x00000000c0000000)
  object space 83968K, 99% used [0x00000000bae00000,0x00000000bffff218,0x00000000c0000000)
Event: 5218.436 GC heap after
Heap after GC invocations=208 (full 59):
 PSYoungGen      total 242176K, used 0K [0x00000000eaa80000, 0x00000000fa380000, 0x0000000100000000)
  eden space 228864K, 0% used [0x00000000eaa80000,0x00000000eaa80000,0x00000000f8a00000)
  from space 13312K, 0% used [0x00000000f8a00000,0x00000000f8a00000,0x00000000f9700000)
  to   space 12288K, 0% used [0x00000000f9780000,0x00000000f9780000,0x00000000fa380000)
 ParOldGen       total 698880K, used 58923K [0x00000000c0000000, 0x00000000eaa80000, 0x00000000eaa80000)
  object space 698880K, 8% used [0x00000000c0000000,0x00000000c398ac60,0x00000000eaa80000)
 PSPermGen       total 83968K, used 83964K [0x00000000bae00000, 0x00000000c0000000, 0x00000000c0000000)
  object space 83968K, 99% used [0x00000000bae00000,0x00000000bffff218,0x00000000c0000000)
}
Event: 5218.436 GC heap before
{Heap before GC invocations=209 (full 60):
 PSYoungGen      total 242176K, used 0K [0x00000000eaa80000, 0x00000000fa380000, 0x0000000100000000)
  eden space 228864K, 0% used [0x00000000eaa80000,0x00000000eaa80000,0x00000000f8a00000)
  from space 13312K, 0% used [0x00000000f8a00000,0x00000000f8a00000,0x00000000f9700000)
  to   space 12288K, 0% used [0x00000000f9780000,0x00000000f9780000,0x00000000fa380000)
 ParOldGen       total 698880K, used 58923K [0x00000000c0000000, 0x00000000eaa80000, 0x00000000eaa80000)
  object space 698880K, 8% used [0x00000000c0000000,0x00000000c398ac60,0x00000000eaa80000)
 PSPermGen       total 83968K, used 83964K [0x00000000bae00000, 0x00000000c0000000, 0x00000000c0000000)
  object space 83968K, 99% used [0x00000000bae00000,0x00000000bffff218,0x00000000c0000000)
Event: 5218.569 GC heap after
Heap after GC invocations=209 (full 60):
 PSYoungGen      total 242176K, used 0K [0x00000000eaa80000, 0x00000000fa380000, 0x0000000100000000)
  eden space 228864K, 0% used [0x00000000eaa80000,0x00000000eaa80000,0x00000000f8a00000)
  from space 13312K, 0% used [0x00000000f8a00000,0x00000000f8a00000,0x00000000f9700000)
  to   space 12288K, 0% used [0x00000000f9780000,0x00000000f9780000,0x00000000fa380000)
 ParOldGen       total 698880K, used 57937K [0x00000000c0000000, 0x00000000eaa80000, 0x00000000eaa80000)
  object space 698880K, 8% used [0x00000000c0000000,0x00000000c38947e8,0x00000000eaa80000)
 PSPermGen       total 83968K, used 83952K [0x00000000bae00000, 0x00000000c0000000, 0x00000000c0000000)
  object space 83968K, 99% used [0x00000000bae00000,0x00000000bfffc318,0x00000000c0000000)
}

