# JRE version: Java(TM) SE Runtime Environment (7.0_80-b15) (build 1.7.0_80-b15)
# Java VM: Java HotSpot(TM) 64-Bit Server VM (24.80-b11 mixed mode windows-amd64 compressed oops)
Heap
 PSYoungGen      total 304128K, used 0K [0x00000000eaa80000, 0x00000000fe800000, 0x0000000100000000)
  eden space 285184K, 0% used [0x00000000eaa80000,0x00000000eaa80000,0x00000000fc100000)
  from space 18944K, 0% used [0x00000000fd580000,0x00000000fd580000,0x00000000fe800000)
  to   space 19968K, 0% used [0x00000000fc100000,0x00000000fc100000,0x00000000fd480000)
 ParOldGen       total 698880K, used 62824K [0x00000000c0000000, 0x00000000eaa80000, 0x00000000eaa80000)
  object space 698880K, 8% used [0x00000000c0000000,0x00000000c3d5a0e8,0x00000000eaa80000)
 PSPermGen       total 83968K, used 83948K [0x00000000bae00000, 0x00000000c0000000, 0x00000000c0000000)
  object space 83968K, 99% used [0x00000000bae00000,0x00000000bfffb100,0x00000000c0000000)
GC Heap History (10 events):
Event: 8072.906 GC heap before
{Heap before GC invocations=34500 (full 17226):
 PSYoungGen      total 304640K, used 0K [0x00000000eaa80000, 0x00000000fea80000, 0x0000000100000000)
  eden space 283648K, 0% used [0x00000000eaa80000,0x00000000eaa80000,0x00000000fbf80000)
  from space 20992K, 0% used [0x00000000fd600000,0x00000000fd600000,0x00000000fea80000)
  to   space 22016K, 0% used [0x00000000fbf80000,0x00000000fbf80000,0x00000000fd500000)
 ParOldGen       total 698880K, used 65608K [0x00000000c0000000, 0x00000000eaa80000, 0x00000000eaa80000)
  object space 698880K, 9% used [0x00000000c0000000,0x00000000c4012098,0x00000000eaa80000)
 PSPermGen       total 83968K, used 83967K [0x00000000bae00000, 0x00000000c0000000, 0x00000000c0000000)
  object space 83968K, 99% used [0x00000000bae00000,0x00000000bffffee0,0x00000000c0000000)
Event: 8073.058 GC heap after
Heap after GC invocations=34500 (full 17226):
 PSYoungGen      total 304640K, used 0K [0x00000000eaa80000, 0x00000000fea80000, 0x0000000100000000)
  eden space 283648K, 0% used [0x00000000eaa80000,0x00000000eaa80000,0x00000000fbf80000)
  from space 20992K, 0% used [0x00000000fd600000,0x00000000fd600000,0x00000000fea80000)
  to   space 22016K, 0% used [0x00000000fbf80000,0x00000000fbf80000,0x00000000fd500000)
 ParOldGen       total 698880K, used 63146K [0x00000000c0000000, 0x00000000eaa80000, 0x00000000eaa80000)
  object space 698880K, 9% used [0x00000000c0000000,0x00000000c3daa800,0x00000000eaa80000)
 PSPermGen       total 83968K, used 83832K [0x00000000bae00000, 0x00000000c0000000, 0x00000000c0000000)
  object space 83968K, 99% used [0x00000000bae00000,0x00000000bffde018,0x00000000c0000000)
}
Event: 8073.124 GC heap before
{Heap before GC invocations=34501 (full 17226):
 PSYoungGen      total 304640K, used 28861K [0x00000000eaa80000, 0x00000000fea80000, 0x0000000100000000)
  eden space 283648K, 10% used [0x00000000eaa80000,0x00000000ec6af6d0,0x00000000fbf80000)
  from space 20992K, 0% used [0x00000000fd600000,0x00000000fd600000,0x00000000fea80000)
  to   space 22016K, 0% used [0x00000000fbf80000,0x00000000fbf80000,0x00000000fd500000)
 ParOldGen       total 698880K, used 63146K [0x00000000c0000000, 0x00000000eaa80000, 0x00000000eaa80000)
  object space 698880K, 9% used [0x00000000c0000000,0x00000000c3daa800,0x00000000eaa80000)
 PSPermGen       total 83968K, used 83960K [0x00000000bae00000, 0x00000000c0000000, 0x00000000c0000000)
  object space 83968K, 99% used [0x00000000bae00000,0x00000000bfffe040,0x00000000c0000000)
Event: 8073.127 GC heap after
Heap after GC invocations=34501 (full 17226):
 PSYoungGen      total 305664K, used 672K [0x00000000eaa80000, 0x00000000fea00000, 0x0000000100000000)
  eden space 283648K, 0% used [0x00000000eaa80000,0x00000000eaa80000,0x00000000fbf80000)
  from space 22016K, 3% used [0x00000000fbf80000,0x00000000fc028000,0x00000000fd500000)
  to   space 20992K, 0% used [0x00000000fd580000,0x00000000fd580000,0x00000000fea00000)
 ParOldGen       total 698880K, used 63146K [0x00000000c0000000, 0x00000000eaa80000, 0x00000000eaa80000)
  object space 698880K, 9% used [0x00000000c0000000,0x00000000c3daa800,0x00000000eaa80000)
 PSPermGen       total 83968K, used 83960K [0x00000000bae00000, 0x00000000c0000000, 0x00000000c0000000)
  object space 83968K, 99% used [0x00000000bae00000,0x00000000bfffe040,0x00000000c0000000)
}
Event: 8073.128 GC heap before
{Heap before GC invocations=34502 (full 17227):
 PSYoungGen      total 305664K, used 672K [0x00000000eaa80000, 0x00000000fea00000, 0x0000000100000000)
  eden space 283648K, 0% used [0x00000000eaa80000,0x00000000eaa80000,0x00000000fbf80000)
  from space 22016K, 3% used [0x00000000fbf80000,0x00000000fc028000,0x00000000fd500000)
  to   space 20992K, 0% used [0x00000000fd580000,0x00000000fd580000,0x00000000fea00000)
 ParOldGen       total 698880K, used 63146K [0x00000000c0000000, 0x00000000eaa80000, 0x00000000eaa80000)
  object space 698880K, 9% used [0x00000000c0000000,0x00000000c3daa800,0x00000000eaa80000)
 PSPermGen       total 83968K, used 83960K [0x00000000bae00000, 0x00000000c0000000, 0x00000000c0000000)
  object space 83968K, 99% used [0x00000000bae00000,0x00000000bfffe040,0x00000000c0000000)
Event: 8073.286 GC heap after
Heap after GC invocations=34502 (full 17227):
 PSYoungGen      total 305664K, used 0K [0x00000000eaa80000, 0x00000000fea00000, 0x0000000100000000)
  eden space 283648K, 0% used [0x00000000eaa80000,0x00000000eaa80000,0x00000000fbf80000)
  from space 22016K, 0% used [0x00000000fbf80000,0x00000000fbf80000,0x00000000fd500000)
  to   space 20992K, 0% used [0x00000000fd580000,0x00000000fd580000,0x00000000fea00000)
 ParOldGen       total 698880K, used 63157K [0x00000000c0000000, 0x00000000eaa80000, 0x00000000eaa80000)
  object space 698880K, 9% used [0x00000000c0000000,0x00000000c3dad458,0x00000000eaa80000)
 PSPermGen       total 83968K, used 83960K [0x00000000bae00000, 0x00000000c0000000, 0x00000000c0000000)
  object space 83968K, 99% used [0x00000000bae00000,0x00000000bfffe000,0x00000000c0000000)
}
Event: 8073.286 GC heap before
{Heap before GC invocations=34503 (full 17227):
 PSYoungGen      total 305664K, used 0K [0x00000000eaa80000, 0x00000000fea00000, 0x0000000100000000)
  eden space 283648K, 0% used [0x00000000eaa80000,0x00000000eaa80000,0x00000000fbf80000)
  from space 22016K, 0% used [0x00000000fbf80000,0x00000000fbf80000,0x00000000fd500000)
  to   space 20992K, 0% used [0x00000000fd580000,0x00000000fd580000,0x00000000fea00000)
 ParOldGen       total 698880K, used 63157K [0x00000000c0000000, 0x00000000eaa80000, 0x00000000eaa80000)
  object space 698880K, 9% used [0x00000000c0000000,0x00000000c3dad458,0x00000000eaa80000)
 PSPermGen       total 83968K, used 83960K [0x00000000bae00000, 0x00000000c0000000, 0x00000000c0000000)
  object space 83968K, 99% used [0x00000000bae00000,0x00000000bfffe000,0x00000000c0000000)
Event: 8073.289 GC heap after
Heap after GC invocations=34503 (full 17227):
 PSYoungGen      total 304128K, used 0K [0x00000000eaa80000, 0x00000000fe800000, 0x0000000100000000)
  eden space 285184K, 0% used [0x00000000eaa80000,0x00000000eaa80000,0x00000000fc100000)
  from space 18944K, 0% used [0x00000000fd580000,0x00000000fd580000,0x00000000fe800000)
  to   space 19968K, 0% used [0x00000000fc100000,0x00000000fc100000,0x00000000fd480000)
 ParOldGen       total 698880K, used 63157K [0x00000000c0000000, 0x00000000eaa80000, 0x00000000eaa80000)
  object space 698880K, 9% used [0x00000000c0000000,0x00000000c3dad458,0x00000000eaa80000)
 PSPermGen       total 83968K, used 83960K [0x00000000bae00000, 0x00000000c0000000, 0x00000000c0000000)
  object space 83968K, 99% used [0x00000000bae00000,0x00000000bfffe000,0x00000000c0000000)
}
Event: 8073.289 GC heap before
{Heap before GC invocations=34504 (full 17228):
 PSYoungGen      total 304128K, used 0K [0x00000000eaa80000, 0x00000000fe800000, 0x0000000100000000)
  eden space 285184K, 0% used [0x00000000eaa80000,0x00000000eaa80000,0x00000000fc100000)
  from space 18944K, 0% used [0x00000000fd580000,0x00000000fd580000,0x00000000fe800000)
  to   space 19968K, 0% used [0x00000000fc100000,0x00000000fc100000,0x00000000fd480000)
 ParOldGen       total 698880K, used 63157K [0x00000000c0000000, 0x00000000eaa80000, 0x00000000eaa80000)
  object space 698880K, 9% used [0x00000000c0000000,0x00000000c3dad458,0x00000000eaa80000)
 PSPermGen       total 83968K, used 83960K [0x00000000bae00000, 0x00000000c0000000, 0x00000000c0000000)
  object space 83968K, 99% used [0x00000000bae00000,0x00000000bfffe000,0x00000000c0000000)
Event: 8073.437 GC heap after
Heap after GC invocations=34504 (full 17228):
 PSYoungGen      total 304128K, used 0K [0x00000000eaa80000, 0x00000000fe800000, 0x0000000100000000)
  eden space 285184K, 0% used [0x00000000eaa80000,0x00000000eaa80000,0x00000000fc100000)
  from space 18944K, 0% used [0x00000000fd580000,0x00000000fd580000,0x00000000fe800000)
  to   space 19968K, 0% used [0x00000000fc100000,0x00000000fc100000,0x00000000fd480000)
 ParOldGen       total 698880K, used 62824K [0x00000000c0000000, 0x00000000eaa80000, 0x00000000eaa80000)
  object space 698880K, 8% used [0x00000000c0000000,0x00000000c3d5a0e8,0x00000000eaa80000)
 PSPermGen       total 83968K, used 83948K [0x00000000bae00000, 0x00000000c0000000, 0x00000000c0000000)
  object space 83968K, 99% used [0x00000000bae00000,0x00000000bfffb100,0x00000000c0000000)
}

