# JRE version: Java(TM) SE Runtime Environment (7.0_80-b15) (build 1.7.0_80-b15)
# Java VM: Java HotSpot(TM) 64-Bit Server VM (24.80-b11 mixed mode windows-amd64 compressed oops)
Heap
 PSYoungGen      total 347136K, used 0K [0x00000000eaa80000, 0x0000000100000000, 0x0000000100000000)
  eden space 344576K, 0% used [0x00000000eaa80000,0x00000000eaa80000,0x00000000ffb00000)
  from space 2560K, 0% used [0x00000000ffb00000,0x00000000ffb00000,0x00000000ffd80000)
  to   space 2560K, 0% used [0x00000000ffd80000,0x00000000ffd80000,0x0000000100000000)
 ParOldGen       total 698880K, used 63227K [0x00000000c0000000, 0x00000000eaa80000, 0x00000000eaa80000)
  object space 698880K, 9% used [0x00000000c0000000,0x00000000c3dbede8,0x00000000eaa80000)
 PSPermGen       total 83968K, used 83965K [0x00000000bae00000, 0x00000000c0000000, 0x00000000c0000000)
  object space 83968K, 99% used [0x00000000bae00000,0x00000000bffff548,0x00000000c0000000)
GC Heap History (10 events):
Event: 3032.935 GC heap before
{Heap before GC invocations=4825 (full 2376):
 PSYoungGen      total 347136K, used 0K [0x00000000eaa80000, 0x0000000100000000, 0x0000000100000000)
  eden space 344576K, 0% used [0x00000000eaa80000,0x00000000eaa80000,0x00000000ffb00000)
  from space 2560K, 0% used [0x00000000ffb00000,0x00000000ffb00000,0x00000000ffd80000)
  to   space 2560K, 0% used [0x00000000ffd80000,0x00000000ffd80000,0x0000000100000000)
 ParOldGen       total 698880K, used 65968K [0x00000000c0000000, 0x00000000eaa80000, 0x00000000eaa80000)
  object space 698880K, 9% used [0x00000000c0000000,0x00000000c406c020,0x00000000eaa80000)
 PSPermGen       total 83968K, used 83966K [0x00000000bae00000, 0x00000000c0000000, 0x00000000c0000000)
  object space 83968K, 99% used [0x00000000bae00000,0x00000000bffffb18,0x00000000c0000000)
Event: 3033.082 GC heap after
Heap after GC invocations=4825 (full 2376):
 PSYoungGen      total 347136K, used 0K [0x00000000eaa80000, 0x0000000100000000, 0x0000000100000000)
  eden space 344576K, 0% used [0x00000000eaa80000,0x00000000eaa80000,0x00000000ffb00000)
  from space 2560K, 0% used [0x00000000ffb00000,0x00000000ffb00000,0x00000000ffd80000)
  to   space 2560K, 0% used [0x00000000ffd80000,0x00000000ffd80000,0x0000000100000000)
 ParOldGen       total 698880K, used 63779K [0x00000000c0000000, 0x00000000eaa80000, 0x00000000eaa80000)
  object space 698880K, 9% used [0x00000000c0000000,0x00000000c3e48fc8,0x00000000eaa80000)
 PSPermGen       total 83968K, used 83942K [0x00000000bae00000, 0x00000000c0000000, 0x00000000c0000000)
  object space 83968K, 99% used [0x00000000bae00000,0x00000000bfff9ba0,0x00000000c0000000)
}
Event: 3033.084 GC heap before
{Heap before GC invocations=4826 (full 2376):
 PSYoungGen      total 347136K, used 979K [0x00000000eaa80000, 0x0000000100000000, 0x0000000100000000)
  eden space 344576K, 0% used [0x00000000eaa80000,0x00000000eab74dc0,0x00000000ffb00000)
  from space 2560K, 0% used [0x00000000ffb00000,0x00000000ffb00000,0x00000000ffd80000)
  to   space 2560K, 0% used [0x00000000ffd80000,0x00000000ffd80000,0x0000000100000000)
 ParOldGen       total 698880K, used 63779K [0x00000000c0000000, 0x00000000eaa80000, 0x00000000eaa80000)
  object space 698880K, 9% used [0x00000000c0000000,0x00000000c3e48fc8,0x00000000eaa80000)
 PSPermGen       total 83968K, used 83965K [0x00000000bae00000, 0x00000000c0000000, 0x00000000c0000000)
  object space 83968K, 99% used [0x00000000bae00000,0x00000000bffff548,0x00000000c0000000)
Event: 3033.087 GC heap after
Heap after GC invocations=4826 (full 2376):
 PSYoungGen      total 347136K, used 0K [0x00000000eaa80000, 0x0000000100000000, 0x0000000100000000)
  eden space 344576K, 0% used [0x00000000eaa80000,0x00000000eaa80000,0x00000000ffb00000)
  from space 2560K, 0% used [0x00000000ffd80000,0x00000000ffd80000,0x0000000100000000)
  to   space 2560K, 0% used [0x00000000ffb00000,0x00000000ffb00000,0x00000000ffd80000)
 ParOldGen       total 698880K, used 63779K [0x00000000c0000000, 0x00000000eaa80000, 0x00000000eaa80000)
  object space 698880K, 9% used [0x00000000c0000000,0x00000000c3e48fc8,0x00000000eaa80000)
 PSPermGen       total 83968K, used 83965K [0x00000000bae00000, 0x00000000c0000000, 0x00000000c0000000)
  object space 83968K, 99% used [0x00000000bae00000,0x00000000bffff548,0x00000000c0000000)
}
Event: 3033.087 GC heap before
{Heap before GC invocations=4827 (full 2377):
 PSYoungGen      total 347136K, used 0K [0x00000000eaa80000, 0x0000000100000000, 0x0000000100000000)
  eden space 344576K, 0% used [0x00000000eaa80000,0x00000000eaa80000,0x00000000ffb00000)
  from space 2560K, 0% used [0x00000000ffd80000,0x00000000ffd80000,0x0000000100000000)
  to   space 2560K, 0% used [0x00000000ffb00000,0x00000000ffb00000,0x00000000ffd80000)
 ParOldGen       total 698880K, used 63779K [0x00000000c0000000, 0x00000000eaa80000, 0x00000000eaa80000)
  object space 698880K, 9% used [0x00000000c0000000,0x00000000c3e48fc8,0x00000000eaa80000)
 PSPermGen       total 83968K, used 83965K [0x00000000bae00000, 0x00000000c0000000, 0x00000000c0000000)
  object space 83968K, 99% used [0x00000000bae00000,0x00000000bffff548,0x00000000c0000000)
Event: 3033.230 GC heap after
Heap after GC invocations=4827 (full 2377):
 PSYoungGen      total 347136K, used 0K [0x00000000eaa80000, 0x0000000100000000, 0x0000000100000000)
  eden space 344576K, 0% used [0x00000000eaa80000,0x00000000eaa80000,0x00000000ffb00000)
  from space 2560K, 0% used [0x00000000ffd80000,0x00000000ffd80000,0x0000000100000000)
  to   space 2560K, 0% used [0x00000000ffb00000,0x00000000ffb00000,0x00000000ffd80000)
 ParOldGen       total 698880K, used 63228K [0x00000000c0000000, 0x00000000eaa80000, 0x00000000eaa80000)
  object space 698880K, 9% used [0x00000000c0000000,0x00000000c3dbf148,0x00000000eaa80000)
 PSPermGen       total 83968K, used 83965K [0x00000000bae00000, 0x00000000c0000000, 0x00000000c0000000)
  object space 83968K, 99% used [0x00000000bae00000,0x00000000bffff548,0x00000000c0000000)
}
Event: 3033.230 GC heap before
{Heap before GC invocations=4828 (full 2377):
 PSYoungGen      total 347136K, used 0K [0x00000000eaa80000, 0x0000000100000000, 0x0000000100000000)
  eden space 344576K, 0% used [0x00000000eaa80000,0x00000000eaa80000,0x00000000ffb00000)
  from space 2560K, 0% used [0x00000000ffd80000,0x00000000ffd80000,0x0000000100000000)
  to   space 2560K, 0% used [0x00000000ffb00000,0x00000000ffb00000,0x00000000ffd80000)
 ParOldGen       total 698880K, used 63228K [0x00000000c0000000, 0x00000000eaa80000, 0x00000000eaa80000)
  object space 698880K, 9% used [0x00000000c0000000,0x00000000c3dbf148,0x00000000eaa80000)
 PSPermGen       total 83968K, used 83965K [0x00000000bae00000, 0x00000000c0000000, 0x00000000c0000000)
  object space 83968K, 99% used [0x00000000bae00000,0x00000000bffff548,0x00000000c0000000)
Event: 3033.233 GC heap after
Heap after GC invocations=4828 (full 2377):
 PSYoungGen      total 347136K, used 0K [0x00000000eaa80000, 0x0000000100000000, 0x0000000100000000)
  eden space 344576K, 0% used [0x00000000eaa80000,0x00000000eaa80000,0x00000000ffb00000)
  from space 2560K, 0% used [0x00000000ffb00000,0x00000000ffb00000,0x00000000ffd80000)
  to   space 2560K, 0% used [0x00000000ffd80000,0x00000000ffd80000,0x0000000100000000)
 ParOldGen       total 698880K, used 63228K [0x00000000c0000000, 0x00000000eaa80000, 0x00000000eaa80000)
  object space 698880K, 9% used [0x00000000c0000000,0x00000000c3dbf148,0x00000000eaa80000)
 PSPermGen       total 83968K, used 83965K [0x00000000bae00000, 0x00000000c0000000, 0x00000000c0000000)
  object space 83968K, 99% used [0x00000000bae00000,0x00000000bffff548,0x00000000c0000000)
}
Event: 3033.233 GC heap before
{Heap before GC invocations=4829 (full 2378):
 PSYoungGen      total 347136K, used 0K [0x00000000eaa80000, 0x0000000100000000, 0x0000000100000000)
  eden space 344576K, 0% used [0x00000000eaa80000,0x00000000eaa80000,0x00000000ffb00000)
  from space 2560K, 0% used [0x00000000ffb00000,0x00000000ffb00000,0x00000000ffd80000)
  to   space 2560K, 0% used [0x00000000ffd80000,0x00000000ffd80000,0x0000000100000000)
 ParOldGen       total 698880K, used 63228K [0x00000000c0000000, 0x00000000eaa80000, 0x00000000eaa80000)
  object space 698880K, 9% used [0x00000000c0000000,0x00000000c3dbf148,0x00000000eaa80000)
 PSPermGen       total 83968K, used 83965K [0x00000000bae00000, 0x00000000c0000000, 0x00000000c0000000)
  object space 83968K, 99% used [0x00000000bae00000,0x00000000bffff548,0x00000000c0000000)
Event: 3033.377 GC heap after
Heap after GC invocations=4829 (full 2378):
 PSYoungGen      total 347136K, used 0K [0x00000000eaa80000, 0x0000000100000000, 0x0000000100000000)
  eden space 344576K, 0% used [0x00000000eaa80000,0x00000000eaa80000,0x00000000ffb00000)
  from space 2560K, 0% used [0x00000000ffb00000,0x00000000ffb00000,0x00000000ffd80000)
  to   space 2560K, 0% used [0x00000000ffd80000,0x00000000ffd80000,0x0000000100000000)
 ParOldGen       total 698880K, used 63227K [0x00000000c0000000, 0x00000000eaa80000, 0x00000000eaa80000)
  object space 698880K, 9% used [0x00000000c0000000,0x00000000c3dbede8,0x00000000eaa80000)
 PSPermGen       total 83968K, used 83965K [0x00000000bae00000, 0x00000000c0000000, 0x00000000c0000000)
  object space 83968K, 99% used [0x00000000bae00000,0x00000000bffff548,0x00000000c0000000)
}

