# JRE version: Java(TM) SE Runtime Environment (7.0_80-b15) (build 1.7.0_80-b15)
# Java VM: Java HotSpot(TM) 64-Bit Server VM (24.80-b11 mixed mode windows-amd64 compressed oops)
Heap
 PSYoungGen      total 288256K, used 0K [0x00000000eaa80000, 0x00000000fce00000, 0x0000000100000000)
  eden space 279040K, 0% used [0x00000000eaa80000,0x00000000eaa80000,0x00000000fbb00000)
  from space 9216K, 0% used [0x00000000fc500000,0x00000000fc500000,0x00000000fce00000)
  to   space 9728K, 0% used [0x00000000fbb00000,0x00000000fbb00000,0x00000000fc480000)
 ParOldGen       total 698880K, used 50770K [0x00000000c0000000, 0x00000000eaa80000, 0x00000000eaa80000)
  object space 698880K, 7% used [0x00000000c0000000,0x00000000c3194890,0x00000000eaa80000)
 PSPermGen       total 83968K, used 83957K [0x00000000bae00000, 0x00000000c0000000, 0x00000000c0000000)
  object space 83968K, 99% used [0x00000000bae00000,0x00000000bfffd620,0x00000000c0000000)
GC Heap History (10 events):
Event: 540.720 GC heap before
{Heap before GC invocations=96 (full 34):
 PSYoungGen      total 287232K, used 0K [0x00000000eaa80000, 0x00000000fce80000, 0x0000000100000000)
  eden space 277504K, 0% used [0x00000000eaa80000,0x00000000eaa80000,0x00000000fb980000)
  from space 9728K, 0% used [0x00000000fc500000,0x00000000fc500000,0x00000000fce80000)
  to   space 10752K, 0% used [0x00000000fb980000,0x00000000fb980000,0x00000000fc400000)
 ParOldGen       total 698880K, used 51739K [0x00000000c0000000, 0x00000000eaa80000, 0x00000000eaa80000)
  object space 698880K, 7% used [0x00000000c0000000,0x00000000c3286e88,0x00000000eaa80000)
 PSPermGen       total 83968K, used 83967K [0x00000000bae00000, 0x00000000c0000000, 0x00000000c0000000)
  object space 83968K, 99% used [0x00000000bae00000,0x00000000bfffffc0,0x00000000c0000000)
Event: 540.900 GC heap after
Heap after GC invocations=96 (full 34):
 PSYoungGen      total 287232K, used 0K [0x00000000eaa80000, 0x00000000fce80000, 0x0000000100000000)
  eden space 277504K, 0% used [0x00000000eaa80000,0x00000000eaa80000,0x00000000fb980000)
  from space 9728K, 0% used [0x00000000fc500000,0x00000000fc500000,0x00000000fce80000)
  to   space 10752K, 0% used [0x00000000fb980000,0x00000000fb980000,0x00000000fc400000)
 ParOldGen       total 698880K, used 50770K [0x00000000c0000000, 0x00000000eaa80000, 0x00000000eaa80000)
  object space 698880K, 7% used [0x00000000c0000000,0x00000000c3194890,0x00000000eaa80000)
 PSPermGen       total 83968K, used 83956K [0x00000000bae00000, 0x00000000c0000000, 0x00000000c0000000)
  object space 83968K, 99% used [0x00000000bae00000,0x00000000bfffd0c0,0x00000000c0000000)
}
Event: 540.901 GC heap before
{Heap before GC invocations=97 (full 34):
 PSYoungGen      total 287232K, used 882K [0x00000000eaa80000, 0x00000000fce80000, 0x0000000100000000)
  eden space 277504K, 0% used [0x00000000eaa80000,0x00000000eab5c8d8,0x00000000fb980000)
  from space 9728K, 0% used [0x00000000fc500000,0x00000000fc500000,0x00000000fce80000)
  to   space 10752K, 0% used [0x00000000fb980000,0x00000000fb980000,0x00000000fc400000)
 ParOldGen       total 698880K, used 50770K [0x00000000c0000000, 0x00000000eaa80000, 0x00000000eaa80000)
  object space 698880K, 7% used [0x00000000c0000000,0x00000000c3194890,0x00000000eaa80000)
 PSPermGen       total 83968K, used 83957K [0x00000000bae00000, 0x00000000c0000000, 0x00000000c0000000)
  object space 83968K, 99% used [0x00000000bae00000,0x00000000bfffd620,0x00000000c0000000)
Event: 540.904 GC heap after
Heap after GC invocations=97 (full 34):
 PSYoungGen      total 288256K, used 0K [0x00000000eaa80000, 0x00000000fcf00000, 0x0000000100000000)
  eden space 277504K, 0% used [0x00000000eaa80000,0x00000000eaa80000,0x00000000fb980000)
  from space 10752K, 0% used [0x00000000fb980000,0x00000000fb980000,0x00000000fc400000)
  to   space 10240K, 0% used [0x00000000fc500000,0x00000000fc500000,0x00000000fcf00000)
 ParOldGen       total 698880K, used 50770K [0x00000000c0000000, 0x00000000eaa80000, 0x00000000eaa80000)
  object space 698880K, 7% used [0x00000000c0000000,0x00000000c3194890,0x00000000eaa80000)
 PSPermGen       total 83968K, used 83957K [0x00000000bae00000, 0x00000000c0000000, 0x00000000c0000000)
  object space 83968K, 99% used [0x00000000bae00000,0x00000000bfffd620,0x00000000c0000000)
}
Event: 540.904 GC heap before
{Heap before GC invocations=98 (full 35):
 PSYoungGen      total 288256K, used 0K [0x00000000eaa80000, 0x00000000fcf00000, 0x0000000100000000)
  eden space 277504K, 0% used [0x00000000eaa80000,0x00000000eaa80000,0x00000000fb980000)
  from space 10752K, 0% used [0x00000000fb980000,0x00000000fb980000,0x00000000fc400000)
  to   space 10240K, 0% used [0x00000000fc500000,0x00000000fc500000,0x00000000fcf00000)
 ParOldGen       total 698880K, used 50770K [0x00000000c0000000, 0x00000000eaa80000, 0x00000000eaa80000)
  object space 698880K, 7% used [0x00000000c0000000,0x00000000c3194890,0x00000000eaa80000)
 PSPermGen       total 83968K, used 83957K [0x00000000bae00000, 0x00000000c0000000, 0x00000000c0000000)
  object space 83968K, 99% used [0x00000000bae00000,0x00000000bfffd620,0x00000000c0000000)
Event: 541.017 GC heap after
Heap after GC invocations=98 (full 35):
 PSYoungGen      total 288256K, used 0K [0x00000000eaa80000, 0x00000000fcf00000, 0x0000000100000000)
  eden space 277504K, 0% used [0x00000000eaa80000,0x00000000eaa80000,0x00000000fb980000)
  from space 10752K, 0% used [0x00000000fb980000,0x00000000fb980000,0x00000000fc400000)
  to   space 10240K, 0% used [0x00000000fc500000,0x00000000fc500000,0x00000000fcf00000)
 ParOldGen       total 698880K, used 50770K [0x00000000c0000000, 0x00000000eaa80000, 0x00000000eaa80000)
  object space 698880K, 7% used [0x00000000c0000000,0x00000000c3194890,0x00000000eaa80000)
 PSPermGen       total 83968K, used 83957K [0x00000000bae00000, 0x00000000c0000000, 0x00000000c0000000)
  object space 83968K, 99% used [0x00000000bae00000,0x00000000bfffd620,0x00000000c0000000)
}
Event: 541.017 GC heap before
{Heap before GC invocations=99 (full 35):
 PSYoungGen      total 288256K, used 0K [0x00000000eaa80000, 0x00000000fcf00000, 0x0000000100000000)
  eden space 277504K, 0% used [0x00000000eaa80000,0x00000000eaa80000,0x00000000fb980000)
  from space 10752K, 0% used [0x00000000fb980000,0x00000000fb980000,0x00000000fc400000)
  to   space 10240K, 0% used [0x00000000fc500000,0x00000000fc500000,0x00000000fcf00000)
 ParOldGen       total 698880K, used 50770K [0x00000000c0000000, 0x00000000eaa80000, 0x00000000eaa80000)
  object space 698880K, 7% used [0x00000000c0000000,0x00000000c3194890,0x00000000eaa80000)
 PSPermGen       total 83968K, used 83957K [0x00000000bae00000, 0x00000000c0000000, 0x00000000c0000000)
  object space 83968K, 99% used [0x00000000bae00000,0x00000000bfffd620,0x00000000c0000000)
Event: 541.020 GC heap after
Heap after GC invocations=99 (full 35):
 PSYoungGen      total 288256K, used 0K [0x00000000eaa80000, 0x00000000fce00000, 0x0000000100000000)
  eden space 279040K, 0% used [0x00000000eaa80000,0x00000000eaa80000,0x00000000fbb00000)
  from space 9216K, 0% used [0x00000000fc500000,0x00000000fc500000,0x00000000fce00000)
  to   space 9728K, 0% used [0x00000000fbb00000,0x00000000fbb00000,0x00000000fc480000)
 ParOldGen       total 698880K, used 50770K [0x00000000c0000000, 0x00000000eaa80000, 0x00000000eaa80000)
  object space 698880K, 7% used [0x00000000c0000000,0x00000000c3194890,0x00000000eaa80000)
 PSPermGen       total 83968K, used 83957K [0x00000000bae00000, 0x00000000c0000000, 0x00000000c0000000)
  object space 83968K, 99% used [0x00000000bae00000,0x00000000bfffd620,0x00000000c0000000)
}
Event: 541.020 GC heap before
{Heap before GC invocations=100 (full 36):
 PSYoungGen      total 288256K, used 0K [0x00000000eaa80000, 0x00000000fce00000, 0x0000000100000000)
  eden space 279040K, 0% used [0x00000000eaa80000,0x00000000eaa80000,0x00000000fbb00000)
  from space 9216K, 0% used [0x00000000fc500000,0x00000000fc500000,0x00000000fce00000)
  to   space 9728K, 0% used [0x00000000fbb00000,0x00000000fbb00000,0x00000000fc480000)
 ParOldGen       total 698880K, used 50770K [0x00000000c0000000, 0x00000000eaa80000, 0x00000000eaa80000)
  object space 698880K, 7% used [0x00000000c0000000,0x00000000c3194890,0x00000000eaa80000)
 PSPermGen       total 83968K, used 83957K [0x00000000bae00000, 0x00000000c0000000, 0x00000000c0000000)
  object space 83968K, 99% used [0x00000000bae00000,0x00000000bfffd620,0x00000000c0000000)
Event: 541.155 GC heap after
Heap after GC invocations=100 (full 36):
 PSYoungGen      total 288256K, used 0K [0x00000000eaa80000, 0x00000000fce00000, 0x0000000100000000)
  eden space 279040K, 0% used [0x00000000eaa80000,0x00000000eaa80000,0x00000000fbb00000)
  from space 9216K, 0% used [0x00000000fc500000,0x00000000fc500000,0x00000000fce00000)
  to   space 9728K, 0% used [0x00000000fbb00000,0x00000000fbb00000,0x00000000fc480000)
 ParOldGen       total 698880K, used 50770K [0x00000000c0000000, 0x00000000eaa80000, 0x00000000eaa80000)
  object space 698880K, 7% used [0x00000000c0000000,0x00000000c3194890,0x00000000eaa80000)
 PSPermGen       total 83968K, used 83957K [0x00000000bae00000, 0x00000000c0000000, 0x00000000c0000000)
  object space 83968K, 99% used [0x00000000bae00000,0x00000000bfffd620,0x00000000c0000000)
}

