# JRE version: Java(TM) SE Runtime Environment (7.0_80-b15) (build 1.7.0_80-b15)
# Java VM: Java HotSpot(TM) 64-Bit Server VM (24.80-b11 mixed mode windows-amd64 compressed oops)
Heap
 PSYoungGen      total 313856K, used 0K [0x00000000eaa80000, 0x00000000fee80000, 0x0000000100000000)
  eden space 295424K, 0% used [0x00000000eaa80000,0x00000000eaa80000,0x00000000fcb00000)
  from space 18432K, 0% used [0x00000000fcb00000,0x00000000fcb00000,0x00000000fdd00000)
  to   space 17408K, 0% used [0x00000000fdd80000,0x00000000fdd80000,0x00000000fee80000)
 ParOldGen       total 698880K, used 55574K [0x00000000c0000000, 0x00000000eaa80000, 0x00000000eaa80000)
  object space 698880K, 7% used [0x00000000c0000000,0x00000000c36459e8,0x00000000eaa80000)
 PSPermGen       total 83968K, used 83953K [0x00000000bae00000, 0x00000000c0000000, 0x00000000c0000000)
  object space 83968K, 99% used [0x00000000bae00000,0x00000000bfffc6f0,0x00000000c0000000)
GC Heap History (10 events):
Event: 8696.970 GC heap before
{Heap before GC invocations=274 (full 105):
 PSYoungGen      total 314368K, used 0K [0x00000000eaa80000, 0x00000000ff100000, 0x0000000100000000)
  eden space 293888K, 0% used [0x00000000eaa80000,0x00000000eaa80000,0x00000000fc980000)
  from space 20480K, 0% used [0x00000000fc980000,0x00000000fc980000,0x00000000fdd80000)
  to   space 19456K, 0% used [0x00000000fde00000,0x00000000fde00000,0x00000000ff100000)
 ParOldGen       total 698880K, used 58741K [0x00000000c0000000, 0x00000000eaa80000, 0x00000000eaa80000)
  object space 698880K, 8% used [0x00000000c0000000,0x00000000c395d5e8,0x00000000eaa80000)
 PSPermGen       total 83968K, used 83967K [0x00000000bae00000, 0x00000000c0000000, 0x00000000c0000000)
  object space 83968K, 99% used [0x00000000bae00000,0x00000000bfffffa8,0x00000000c0000000)
Event: 8697.109 GC heap after
Heap after GC invocations=274 (full 105):
 PSYoungGen      total 314368K, used 0K [0x00000000eaa80000, 0x00000000ff100000, 0x0000000100000000)
  eden space 293888K, 0% used [0x00000000eaa80000,0x00000000eaa80000,0x00000000fc980000)
  from space 20480K, 0% used [0x00000000fc980000,0x00000000fc980000,0x00000000fdd80000)
  to   space 19456K, 0% used [0x00000000fde00000,0x00000000fde00000,0x00000000ff100000)
 ParOldGen       total 698880K, used 56141K [0x00000000c0000000, 0x00000000eaa80000, 0x00000000eaa80000)
  object space 698880K, 8% used [0x00000000c0000000,0x00000000c36d3550,0x00000000eaa80000)
 PSPermGen       total 83968K, used 83844K [0x00000000bae00000, 0x00000000c0000000, 0x00000000c0000000)
  object space 83968K, 99% used [0x00000000bae00000,0x00000000bffe10b0,0x00000000c0000000)
}
Event: 8697.145 GC heap before
{Heap before GC invocations=275 (full 105):
 PSYoungGen      total 314368K, used 22603K [0x00000000eaa80000, 0x00000000ff100000, 0x0000000100000000)
  eden space 293888K, 7% used [0x00000000eaa80000,0x00000000ec092f28,0x00000000fc980000)
  from space 20480K, 0% used [0x00000000fc980000,0x00000000fc980000,0x00000000fdd80000)
  to   space 19456K, 0% used [0x00000000fde00000,0x00000000fde00000,0x00000000ff100000)
 ParOldGen       total 698880K, used 56141K [0x00000000c0000000, 0x00000000eaa80000, 0x00000000eaa80000)
  object space 698880K, 8% used [0x00000000c0000000,0x00000000c36d3550,0x00000000eaa80000)
 PSPermGen       total 83968K, used 83953K [0x00000000bae00000, 0x00000000c0000000, 0x00000000c0000000)
  object space 83968K, 99% used [0x00000000bae00000,0x00000000bfffc710,0x00000000c0000000)
Event: 8697.148 GC heap after
Heap after GC invocations=275 (full 105):
 PSYoungGen      total 312832K, used 0K [0x00000000eaa80000, 0x00000000fef00000, 0x0000000100000000)
  eden space 295424K, 0% used [0x00000000eaa80000,0x00000000eaa80000,0x00000000fcb00000)
  from space 17408K, 0% used [0x00000000fde00000,0x00000000fde00000,0x00000000fef00000)
  to   space 18432K, 0% used [0x00000000fcb00000,0x00000000fcb00000,0x00000000fdd00000)
 ParOldGen       total 698880K, used 56141K [0x00000000c0000000, 0x00000000eaa80000, 0x00000000eaa80000)
  object space 698880K, 8% used [0x00000000c0000000,0x00000000c36d3550,0x00000000eaa80000)
 PSPermGen       total 83968K, used 83953K [0x00000000bae00000, 0x00000000c0000000, 0x00000000c0000000)
  object space 83968K, 99% used [0x00000000bae00000,0x00000000bfffc710,0x00000000c0000000)
}
Event: 8697.148 GC heap before
{Heap before GC invocations=276 (full 106):
 PSYoungGen      total 312832K, used 0K [0x00000000eaa80000, 0x00000000fef00000, 0x0000000100000000)
  eden space 295424K, 0% used [0x00000000eaa80000,0x00000000eaa80000,0x00000000fcb00000)
  from space 17408K, 0% used [0x00000000fde00000,0x00000000fde00000,0x00000000fef00000)
  to   space 18432K, 0% used [0x00000000fcb00000,0x00000000fcb00000,0x00000000fdd00000)
 ParOldGen       total 698880K, used 56141K [0x00000000c0000000, 0x00000000eaa80000, 0x00000000eaa80000)
  object space 698880K, 8% used [0x00000000c0000000,0x00000000c36d3550,0x00000000eaa80000)
 PSPermGen       total 83968K, used 83953K [0x00000000bae00000, 0x00000000c0000000, 0x00000000c0000000)
  object space 83968K, 99% used [0x00000000bae00000,0x00000000bfffc710,0x00000000c0000000)
Event: 8697.281 GC heap after
Heap after GC invocations=276 (full 106):
 PSYoungGen      total 312832K, used 0K [0x00000000eaa80000, 0x00000000fef00000, 0x0000000100000000)
  eden space 295424K, 0% used [0x00000000eaa80000,0x00000000eaa80000,0x00000000fcb00000)
  from space 17408K, 0% used [0x00000000fde00000,0x00000000fde00000,0x00000000fef00000)
  to   space 18432K, 0% used [0x00000000fcb00000,0x00000000fcb00000,0x00000000fdd00000)
 ParOldGen       total 698880K, used 55574K [0x00000000c0000000, 0x00000000eaa80000, 0x00000000eaa80000)
  object space 698880K, 7% used [0x00000000c0000000,0x00000000c36459e8,0x00000000eaa80000)
 PSPermGen       total 83968K, used 83953K [0x00000000bae00000, 0x00000000c0000000, 0x00000000c0000000)
  object space 83968K, 99% used [0x00000000bae00000,0x00000000bfffc6f0,0x00000000c0000000)
}
Event: 8697.281 GC heap before
{Heap before GC invocations=277 (full 106):
 PSYoungGen      total 312832K, used 0K [0x00000000eaa80000, 0x00000000fef00000, 0x0000000100000000)
  eden space 295424K, 0% used [0x00000000eaa80000,0x00000000eaa80000,0x00000000fcb00000)
  from space 17408K, 0% used [0x00000000fde00000,0x00000000fde00000,0x00000000fef00000)
  to   space 18432K, 0% used [0x00000000fcb00000,0x00000000fcb00000,0x00000000fdd00000)
 ParOldGen       total 698880K, used 55574K [0x00000000c0000000, 0x00000000eaa80000, 0x00000000eaa80000)
  object space 698880K, 7% used [0x00000000c0000000,0x00000000c36459e8,0x00000000eaa80000)
 PSPermGen       total 83968K, used 83953K [0x00000000bae00000, 0x00000000c0000000, 0x00000000c0000000)
  object space 83968K, 99% used [0x00000000bae00000,0x00000000bfffc6f0,0x00000000c0000000)
Event: 8697.284 GC heap after
Heap after GC invocations=277 (full 106):
 PSYoungGen      total 313856K, used 0K [0x00000000eaa80000, 0x00000000fee80000, 0x0000000100000000)
  eden space 295424K, 0% used [0x00000000eaa80000,0x00000000eaa80000,0x00000000fcb00000)
  from space 18432K, 0% used [0x00000000fcb00000,0x00000000fcb00000,0x00000000fdd00000)
  to   space 17408K, 0% used [0x00000000fdd80000,0x00000000fdd80000,0x00000000fee80000)
 ParOldGen       total 698880K, used 55574K [0x00000000c0000000, 0x00000000eaa80000, 0x00000000eaa80000)
  object space 698880K, 7% used [0x00000000c0000000,0x00000000c36459e8,0x00000000eaa80000)
 PSPermGen       total 83968K, used 83953K [0x00000000bae00000, 0x00000000c0000000, 0x00000000c0000000)
  object space 83968K, 99% used [0x00000000bae00000,0x00000000bfffc6f0,0x00000000c0000000)
}
Event: 8697.284 GC heap before
{Heap before GC invocations=278 (full 107):
 PSYoungGen      total 313856K, used 0K [0x00000000eaa80000, 0x00000000fee80000, 0x0000000100000000)
  eden space 295424K, 0% used [0x00000000eaa80000,0x00000000eaa80000,0x00000000fcb00000)
  from space 18432K, 0% used [0x00000000fcb00000,0x00000000fcb00000,0x00000000fdd00000)
  to   space 17408K, 0% used [0x00000000fdd80000,0x00000000fdd80000,0x00000000fee80000)
 ParOldGen       total 698880K, used 55574K [0x00000000c0000000, 0x00000000eaa80000, 0x00000000eaa80000)
  object space 698880K, 7% used [0x00000000c0000000,0x00000000c36459e8,0x00000000eaa80000)
 PSPermGen       total 83968K, used 83953K [0x00000000bae00000, 0x00000000c0000000, 0x00000000c0000000)
  object space 83968K, 99% used [0x00000000bae00000,0x00000000bfffc6f0,0x00000000c0000000)
Event: 8697.409 GC heap after
Heap after GC invocations=278 (full 107):
 PSYoungGen      total 313856K, used 0K [0x00000000eaa80000, 0x00000000fee80000, 0x0000000100000000)
  eden space 295424K, 0% used [0x00000000eaa80000,0x00000000eaa80000,0x00000000fcb00000)
  from space 18432K, 0% used [0x00000000fcb00000,0x00000000fcb00000,0x00000000fdd00000)
  to   space 17408K, 0% used [0x00000000fdd80000,0x00000000fdd80000,0x00000000fee80000)
 ParOldGen       total 698880K, used 55574K [0x00000000c0000000, 0x00000000eaa80000, 0x00000000eaa80000)
  object space 698880K, 7% used [0x00000000c0000000,0x00000000c36459e8,0x00000000eaa80000)
 PSPermGen       total 83968K, used 83953K [0x00000000bae00000, 0x00000000c0000000, 0x00000000c0000000)
  object space 83968K, 99% used [0x00000000bae00000,0x00000000bfffc6f0,0x00000000c0000000)
}

